<?xml version="1.0" encoding="UTF-8"?>
<testng-results ignored="0" total="10" passed="10" failed="0" skipped="0">
  <reporter-output>
  </reporter-output>
  <suite started-at="2025-02-27T12:17:25 IST" name="Suite" finished-at="2025-02-27T12:18:37 IST" duration-ms="72005">
    <groups>
      <group name="sanity">
        <method signature="yakshaHealthAppTestCase.verifyTitleOfTheHomePage()[pri:1, instance:testcases.yakshaHealthAppTestCase@12cd9150]" name="verifyTitleOfTheHomePage" class="testcases.yakshaHealthAppTestCase"/>
        <method signature="yakshaHealthAppTestCase.verifySelectCounterPopupIsPresentAndNavigateToNextpage()[pri:2, instance:testcases.yakshaHealthAppTestCase@12cd9150]" name="verifySelectCounterPopupIsPresentAndNavigateToNextpage" class="testcases.yakshaHealthAppTestCase"/>
        <method signature="yakshaHealthAppTestCase.performKeyBoardOperationToOpenAddNewPatientPopup()[pri:3, instance:testcases.yakshaHealthAppTestCase@12cd9150]" name="performKeyBoardOperationToOpenAddNewPatientPopup" class="testcases.yakshaHealthAppTestCase"/>
        <method signature="yakshaHealthAppTestCase.fillTheTextFieldInAddNewPatientPopup()[pri:4, instance:testcases.yakshaHealthAppTestCase@12cd9150]" name="fillTheTextFieldInAddNewPatientPopup" class="testcases.yakshaHealthAppTestCase"/>
        <method signature="yakshaHealthAppTestCase.verifyEnteredValueIsPresent()[pri:5, instance:testcases.yakshaHealthAppTestCase@12cd9150]" name="verifyEnteredValueIsPresent" class="testcases.yakshaHealthAppTestCase"/>
        <method signature="yakshaHealthAppTestCase.verifyIndiaIsSelectedFromCountryDropdown()[pri:6, instance:testcases.yakshaHealthAppTestCase@12cd9150]" name="verifyIndiaIsSelectedFromCountryDropdown" class="testcases.yakshaHealthAppTestCase"/>
        <method signature="yakshaHealthAppTestCase.validateErrorMessageWhenClickOnRegisterBillingButton()[pri:7, instance:testcases.yakshaHealthAppTestCase@12cd9150]" name="validateErrorMessageWhenClickOnRegisterBillingButton" class="testcases.yakshaHealthAppTestCase"/>
        <method signature="yakshaHealthAppTestCase.verifyDispensaryArrowIsExpanding()[pri:8, instance:testcases.yakshaHealthAppTestCase@12cd9150]" name="verifyDispensaryArrowIsExpanding" class="testcases.yakshaHealthAppTestCase"/>
        <method signature="yakshaHealthAppTestCase.verifyDispensaryArrowIsMinimizing()[pri:9, instance:testcases.yakshaHealthAppTestCase@12cd9150]" name="verifyDispensaryArrowIsMinimizing" class="testcases.yakshaHealthAppTestCase"/>
        <method signature="yakshaHealthAppTestCase.verifyControlScrollingFromDispensaryToSettingModule()[pri:10, instance:testcases.yakshaHealthAppTestCase@12cd9150]" name="verifyControlScrollingFromDispensaryToSettingModule" class="testcases.yakshaHealthAppTestCase"/>
      </group> <!-- sanity -->
    </groups>
    <test started-at="2025-02-27T12:17:25 IST" name="Test" finished-at="2025-02-27T12:18:37 IST" duration-ms="72005">
      <class name="testcases.yakshaHealthAppTestCase">
        <test-method is-config="true" signature="initBrowser(java.lang.String,java.lang.String)[pri:0, instance:testcases.yakshaHealthAppTestCase@12cd9150]" started-at="2025-02-27T12:17:25 IST" name="initBrowser" finished-at="2025-02-27T12:17:32 IST" duration-ms="7087" status="PASS">
          <params>
            <param index="0">
              <value>
                <![CDATA[chrome]]>
              </value>
            </param>
            <param index="1">
              <value>
                <![CDATA[dev]]>
              </value>
            </param>
          </params>
          <reporter-output>
          </reporter-output>
        </test-method> <!-- initBrowser -->
        <test-method signature="verifyTitleOfTheHomePage()[pri:1, instance:testcases.yakshaHealthAppTestCase@12cd9150]" started-at="2025-02-27T12:17:32 IST" name="verifyTitleOfTheHomePage" description="Verify the title and url of  the current page." finished-at="2025-02-27T12:17:38 IST" duration-ms="5532" status="PASS">
          <reporter-output>
          </reporter-output>
        </test-method> <!-- verifyTitleOfTheHomePage -->
        <test-method signature="verifySelectCounterPopupIsPresentAndNavigateToNextpage()[pri:2, instance:testcases.yakshaHealthAppTestCase@12cd9150]" started-at="2025-02-27T12:17:45 IST" name="verifySelectCounterPopupIsPresentAndNavigateToNextpage" description="Verify all fields and select counter pop up is present or not and proceed to the next page from the new 1 counter page." finished-at="2025-02-27T12:17:53 IST" duration-ms="8304" status="PASS">
          <reporter-output>
          </reporter-output>
        </test-method> <!-- verifySelectCounterPopupIsPresentAndNavigateToNextpage -->
        <test-method signature="performKeyBoardOperationToOpenAddNewPatientPopup()[pri:3, instance:testcases.yakshaHealthAppTestCase@12cd9150]" started-at="2025-02-27T12:17:56 IST" name="performKeyBoardOperationToOpenAddNewPatientPopup" description="Perform the keyboard operation to open the  popup and verify that the popup is displayed or not." finished-at="2025-02-27T12:17:59 IST" duration-ms="3025" status="PASS">
          <reporter-output>
          </reporter-output>
        </test-method> <!-- performKeyBoardOperationToOpenAddNewPatientPopup -->
        <test-method signature="fillTheTextFieldInAddNewPatientPopup()[pri:4, instance:testcases.yakshaHealthAppTestCase@12cd9150]" started-at="2025-02-27T12:18:02 IST" name="fillTheTextFieldInAddNewPatientPopup" description="Fill all the textfields which are present inside the Add New Patient popup and verify" finished-at="2025-02-27T12:18:03 IST" duration-ms="565" status="PASS">
          <reporter-output>
          </reporter-output>
        </test-method> <!-- fillTheTextFieldInAddNewPatientPopup -->
        <test-method signature="verifyEnteredValueIsPresent()[pri:5, instance:testcases.yakshaHealthAppTestCase@12cd9150]" started-at="2025-02-27T12:18:06 IST" name="verifyEnteredValueIsPresent" description="Check the data which we are entered are present in all the textfields." finished-at="2025-02-27T12:18:08 IST" duration-ms="1871" status="PASS">
          <reporter-output>
          </reporter-output>
        </test-method> <!-- verifyEnteredValueIsPresent -->
        <test-method signature="verifyIndiaIsSelectedFromCountryDropdown()[pri:6, instance:testcases.yakshaHealthAppTestCase@12cd9150]" started-at="2025-02-27T12:18:11 IST" name="verifyIndiaIsSelectedFromCountryDropdown" description="Simply select India  from the country dropdown menu and validate India is selected or not." finished-at="2025-02-27T12:18:14 IST" duration-ms="3065" status="PASS">
          <reporter-output>
          </reporter-output>
        </test-method> <!-- verifyIndiaIsSelectedFromCountryDropdown -->
        <test-method signature="validateErrorMessageWhenClickOnRegisterBillingButton()[pri:7, instance:testcases.yakshaHealthAppTestCase@12cd9150]" started-at="2025-02-27T12:18:17 IST" name="validateErrorMessageWhenClickOnRegisterBillingButton" description="Verify the error message, when I click on register and billing button without fill any data." finished-at="2025-02-27T12:18:18 IST" duration-ms="550" status="PASS">
          <reporter-output>
          </reporter-output>
        </test-method> <!-- validateErrorMessageWhenClickOnRegisterBillingButton -->
        <test-method signature="verifyDispensaryArrowIsExpanding()[pri:8, instance:testcases.yakshaHealthAppTestCase@12cd9150]" started-at="2025-02-27T12:18:21 IST" name="verifyDispensaryArrowIsExpanding" description="Verify that the dispensary arrow is expanding and submodules are displayed" finished-at="2025-02-27T12:18:25 IST" duration-ms="4642" status="PASS">
          <reporter-output>
          </reporter-output>
        </test-method> <!-- verifyDispensaryArrowIsExpanding -->
        <test-method signature="verifyDispensaryArrowIsMinimizing()[pri:9, instance:testcases.yakshaHealthAppTestCase@12cd9150]" started-at="2025-02-27T12:18:28 IST" name="verifyDispensaryArrowIsMinimizing" description="Verify that the dispensary arrow is minimizing." finished-at="2025-02-27T12:18:29 IST" duration-ms="898" status="PASS">
          <reporter-output>
          </reporter-output>
        </test-method> <!-- verifyDispensaryArrowIsMinimizing -->
        <test-method signature="verifyControlScrollingFromDispensaryToSettingModule()[pri:10, instance:testcases.yakshaHealthAppTestCase@12cd9150]" started-at="2025-02-27T12:18:32 IST" name="verifyControlScrollingFromDispensaryToSettingModule" description="Verify that the left navigation menu scroll bar is scrolling from Dispensary module to settings module." finished-at="2025-02-27T12:18:34 IST" duration-ms="1325" status="PASS">
          <reporter-output>
          </reporter-output>
        </test-method> <!-- verifyControlScrollingFromDispensaryToSettingModule -->
        <test-method is-config="true" signature="tearDown()[pri:0, instance:testcases.yakshaHealthAppTestCase@12cd9150]" started-at="2025-02-27T12:18:37 IST" name="tearDown" finished-at="2025-02-27T12:18:37 IST" duration-ms="324" status="PASS">
          <reporter-output>
          </reporter-output>
        </test-method> <!-- tearDown -->
      </class> <!-- testcases.yakshaHealthAppTestCase -->
    </test> <!-- Test -->
  </suite> <!-- Suite -->
</testng-results>
